info it worked if it ends with ok
verbose cli [ 'C:\\Program Files\\nodejs\\\\node.exe',
verbose cli   'C:\\Program Files\\nodejs\\node_modules\\npm\\bin\\npm-cli.js',
verbose cli   'test' ]
info using npm@1.1.0-2
info using node@v0.6.8
verbose config file C:\Users\nhn\.npmrc
verbose config file C:\Program Files\nodejs\etc\npmrc
verbose config file C:\Program Files\nodejs\node_modules\npm\npmrc
verbose mkdir done: C:\Users\nhn\AppData\Roaming\npm 755
verbose caching D:\development\repositories\node-test-samples\package.json
verbose loadDefaults test-samples@0.0.1
verbose run-script [ 'pretest', 'test', 'posttest' ]
info pretest test-samples@0.0.1
info test test-samples@0.0.1
verbose unsafe-perm in lifecycle true
silly exec cmd "/c" "make test"
silly spawning [ 'cmd',
silly spawning   [ '/c', 'make test' ],
silly spawning   'D:\\development\\repositories\\node-test-samples' ]
info test-samples@0.0.1 Failed to exec test script
ERR! test-samples@0.0.1 test: `make test`
ERR! `cmd "/c" "make test"` failed with 1
ERR! 
ERR! Failed at the test-samples@0.0.1 test script.
ERR! This is most likely a problem with the test-samples package,
ERR! not with npm itself.
ERR! Tell the author that this fails on your system:
ERR!     make test
ERR! You can get their info via:
ERR!     npm owner ls test-samples
ERR! There is likely additional logging output above.
ERR! 
ERR! System Windows_NT 6.1.7601
ERR! command "C:\\Program Files\\nodejs\\\\node.exe" "C:\\Program Files\\nodejs\\node_modules\\npm\\bin\\npm-cli.js" "test"
ERR! cwd D:\development\repositories\node-test-samples
ERR! node -v v0.6.8
ERR! npm -v 1.1.0-2
ERR! code ELIFECYCLE
ERR! message test-samples@0.0.1 test: `make test`
ERR! message `cmd "/c" "make test"` failed with 1
ERR! errno {}
verbose exit [ 1, true ]
